<?xml version="1.0" encoding="UTF-8"?>
<testsuite name="com.ilcarro.qa.tests.FillCarFormTests" tests="1" skipped="0" failures="0" errors="0" timestamp="2020-11-04T17:17:11" hostname="LAPTOP-CHJJEG68" time="7.344">
  <properties/>
  <testcase name="carFormTest" classname="com.ilcarro.qa.tests.FillCarFormTests" time="7.344"/>
  <system-out><![CDATA[]]></system-out>
  <system-err><![CDATA[]]></system-err>
</testsuite>
